<?xml version="1.0" encoding="UTF-8"?>
<!-- Generated by org.testng.reporters.JUnitXMLReporter -->
<testsuite ignored="0" hostname="Deepthi" failures="1" tests="1" name="Command line test" time="196.634" errors="0" timestamp="2024-06-16T19:18:57 IST">
  <testcase classname="io.cucumber.testng.AbstractTestNGCucumberTests" name="runScenario" time="196.084">
    <failure type="java.lang.NullPointerException" message="Cannot invoke &amp;quot;java.lang.Integer.intValue()&amp;quot; because the return value of &amp;quot;java.util.Map.get(Object)&amp;quot; is null">
      <![CDATA[java.lang.NullPointerException: Cannot invoke "java.lang.Integer.intValue()" because the return value of "java.util.Map.get(Object)" is null
at stepdefinitions.DP1Steps.validate_slide_titles_with_testdata(DP1Steps.java:106)
at ✽.Validate slide titles and duration with testdata(file:///C:/Veeva1/SudhakarTechAssessment/derived-product1-tests/src/test/resources/features/DP1.feature:8)
]]>
    </failure>
  </testcase> <!-- runScenario -->
</testsuite> <!-- Command line test -->
