<?xml version="1.0" encoding="UTF-8"?>
<!-- Generated by org.testng.reporters.JUnitXMLReporter -->
<testsuite ignored="0" hostname="Deepthi" failures="1" tests="1" name="Default test" time="0.515" errors="0" timestamp="2024-06-15T17:30:28 IST">
  <testcase classname="io.cucumber.testng.AbstractTestNGCucumberTests" name="runScenario" time="0.048">
    <failure type="java.lang.NullPointerException" message="Cannot invoke &amp;quot;org.openqa.selenium.WebDriver.get(String)&amp;quot; because &amp;quot;this.driver&amp;quot; is null">
      <![CDATA[java.lang.NullPointerException: Cannot invoke "org.openqa.selenium.WebDriver.get(String)" because "this.driver" is null
at utils.SeleniumUtilities.loadPage(SeleniumUtilities.java:37)
at stepdefinitions.HRMLogin.loginToHRMApp(HRMLogin.java:21)
at ✽.User login to HRM application with UserName and Password(file:///C:/Veeva1/SudhakarTechAssessment/core-product-tests/src/test/resources/features/HRMLogin.feature:7)
]]>
    </failure>
  </testcase> <!-- runScenario -->
</testsuite> <!-- Default test -->
