<?xml version="1.0" encoding="UTF-8"?>
<testng-results ignored="0" total="2" passed="2" failed="0" skipped="0">
  <reporter-output>
  </reporter-output>
  <suite started-at="2024-06-16T19:14:35 IST" name="testrunner.CoreProductCucumberTest" finished-at="2024-06-16T19:15:38 IST" duration-ms="62454">
    <groups>
      <group name="cucumber">
        <method signature="AbstractTestNGCucumberTests.runScenario(io.cucumber.testng.PickleWrapper,io.cucumber.testng.FeatureWrapper)[pri:0, instance:testrunner.CoreProductCucumberTest@2d2ffcb7]" name="runScenario" class="io.cucumber.testng.AbstractTestNGCucumberTests"/>
      </group> <!-- cucumber -->
    </groups>
    <test started-at="2024-06-16T19:14:35 IST" name="Command line test" finished-at="2024-06-16T19:15:38 IST" duration-ms="62454">
      <class name="testrunner.CoreProductCucumberTest">
        <test-method is-config="true" signature="setUpClass(org.testng.ITestContext)[pri:0, instance:testrunner.CoreProductCucumberTest@2d2ffcb7]" started-at="2024-06-16T19:14:35 IST" name="setUpClass" finished-at="2024-06-16T19:14:36 IST" duration-ms="374" status="PASS">
          <params>
            <param index="0">
              <value>
                <![CDATA[org.testng.TestRunner@2dc21583]]>
              </value>
            </param>
          </params>
          <reporter-output>
          </reporter-output>
        </test-method> <!-- setUpClass -->
        <test-method signature="runScenario(io.cucumber.testng.PickleWrapper,io.cucumber.testng.FeatureWrapper)[pri:0, instance:testrunner.CoreProductCucumberTest@2d2ffcb7]" started-at="2024-06-16T19:14:36 IST" name="runScenario" description="Runs Cucumber Scenarios" data-provider="scenarios" finished-at="2024-06-16T19:15:22 IST" duration-ms="45959" status="PASS">
          <params>
            <param index="0">
              <value>
                <![CDATA["Retrieve details of all Men's Jackets and store them in a file"]]>
              </value>
            </param>
            <param index="1">
              <value>
                <![CDATA["Validate Core Product Home Page and News and Features Page"]]>
              </value>
            </param>
          </params>
          <reporter-output>
          </reporter-output>
        </test-method> <!-- runScenario -->
        <test-method signature="runScenario(io.cucumber.testng.PickleWrapper,io.cucumber.testng.FeatureWrapper)[pri:0, instance:testrunner.CoreProductCucumberTest@2d2ffcb7]" started-at="2024-06-16T19:15:22 IST" name="runScenario" description="Runs Cucumber Scenarios" data-provider="scenarios" finished-at="2024-06-16T19:15:38 IST" duration-ms="15949" status="PASS">
          <params>
            <param index="0">
              <value>
                <![CDATA["On News & Features page, identify the count of videos older than 3d"]]>
              </value>
            </param>
            <param index="1">
              <value>
                <![CDATA["Validate Core Product Home Page and News and Features Page"]]>
              </value>
            </param>
          </params>
          <reporter-output>
          </reporter-output>
        </test-method> <!-- runScenario -->
        <test-method is-config="true" signature="tearDownClass()[pri:0, instance:testrunner.CoreProductCucumberTest@2d2ffcb7]" started-at="2024-06-16T19:15:38 IST" name="tearDownClass" finished-at="2024-06-16T19:15:38 IST" duration-ms="141" status="PASS">
          <reporter-output>
          </reporter-output>
        </test-method> <!-- tearDownClass -->
      </class> <!-- testrunner.CoreProductCucumberTest -->
    </test> <!-- Command line test -->
  </suite> <!-- testrunner.CoreProductCucumberTest -->
</testng-results>
