<?xml version="1.0" encoding="UTF-8"?>
<!-- Generated by org.testng.reporters.JUnitReportReporter -->
<testsuite hostname="Deepthi" failures="0" tests="1" name="testrunner.RunCucumberTest" time="0.048" errors="1" timestamp="2024-06-15T17:30:28 IST" skipped="0">
  <testcase classname="testrunner.RunCucumberTest" name="runScenario" time="0.048">
    <error message="Cannot invoke &quot;org.openqa.selenium.WebDriver.get(String)&quot; because &quot;this.driver&quot; is null" type="java.lang.NullPointerException">
      <![CDATA[java.lang.NullPointerException: Cannot invoke "org.openqa.selenium.WebDriver.get(String)" because "this.driver" is null
at utils.SeleniumUtilities.loadPage(SeleniumUtilities.java:37)
at stepdefinitions.HRMLogin.loginToHRMApp(HRMLogin.java:21)
at ✽.User login to HRM application with UserName and Password(file:///C:/Veeva1/SudhakarTechAssessment/core-product-tests/src/test/resources/features/HRMLogin.feature:7)
]]>
    </error>
  </testcase> <!-- runScenario -->
</testsuite> <!-- testrunner.RunCucumberTest -->
