<?xml version="1.0" encoding="UTF-8"?>
<testng-results ignored="0" total="1" passed="1" failed="0" skipped="0">
  <reporter-output>
  </reporter-output>
  <suite started-at="2024-06-16T06:50:13 IST" name="Default suite" finished-at="2024-06-16T06:50:25 IST" duration-ms="11410">
    <groups>
      <group name="cucumber">
        <method signature="AbstractTestNGCucumberTests.runScenario(io.cucumber.testng.PickleWrapper,io.cucumber.testng.FeatureWrapper)[pri:0, instance:testrunner.DP2CucumberTest@2d901eb0]" name="runScenario" class="io.cucumber.testng.AbstractTestNGCucumberTests"/>
      </group> <!-- cucumber -->
    </groups>
    <test started-at="2024-06-16T06:50:13 IST" name="Default test" finished-at="2024-06-16T06:50:25 IST" duration-ms="11410">
      <class name="testrunner.DP2CucumberTest">
        <test-method is-config="true" signature="setUpClass(org.testng.ITestContext)[pri:0, instance:testrunner.DP2CucumberTest@2d901eb0]" started-at="2024-06-16T06:50:13 IST" name="setUpClass" finished-at="2024-06-16T06:50:14 IST" duration-ms="391" status="PASS">
          <params>
            <param index="0">
              <value>
                <![CDATA[org.testng.TestRunner@2eae4349]]>
              </value>
            </param>
          </params>
          <reporter-output>
          </reporter-output>
        </test-method> <!-- setUpClass -->
        <test-method signature="runScenario(io.cucumber.testng.PickleWrapper,io.cucumber.testng.FeatureWrapper)[pri:0, instance:testrunner.DP2CucumberTest@2d901eb0]" started-at="2024-06-16T06:50:14 IST" name="runScenario" description="Runs Cucumber Scenarios" data-provider="scenarios" finished-at="2024-06-16T06:50:24 IST" duration-ms="10851" status="PASS">
          <params>
            <param index="0">
              <value>
                <![CDATA["Write all footer links into a csv file and report if any duplicate hyperlinks are present."]]>
              </value>
            </param>
            <param index="1">
              <value>
                <![CDATA["On DP2 Home Page, check for duplicates in footer links."]]>
              </value>
            </param>
          </params>
          <reporter-output>
          </reporter-output>
        </test-method> <!-- runScenario -->
        <test-method is-config="true" signature="tearDownClass()[pri:0, instance:testrunner.DP2CucumberTest@2d901eb0]" started-at="2024-06-16T06:50:24 IST" name="tearDownClass" finished-at="2024-06-16T06:50:25 IST" duration-ms="126" status="PASS">
          <reporter-output>
          </reporter-output>
        </test-method> <!-- tearDownClass -->
      </class> <!-- testrunner.DP2CucumberTest -->
    </test> <!-- Default test -->
  </suite> <!-- Default suite -->
</testng-results>
